<?xml version="1.0" encoding="UTF-8"?>
<testsuites name="jest tests" tests="1" failures="0" errors="0" time="2.031">
  <testsuite name="undefined" errors="0" failures="0" skipped="0" timestamp="2024-02-02T04:06:49" time="1.983" tests="1">
    <testcase classname=" Snapshot" name=" Snapshot" time="0.009">
    </testcase>
  </testsuite>
</testsuites>